<?xml version="1.0" encoding="UTF-8"?>
<testng-results ignored="0" total="1" passed="0" failed="1" skipped="0">
  <reporter-output>
    <line>
      <![CDATA[database connected]]>
    </line>
    <line>
      <![CDATA[Browser launched succesfully]]>
    </line>
    <line>
      <![CDATA[logged  successfully]]>
    </line>
    <line>
      <![CDATA[Loggout successfully]]>
    </line>
    <line>
      <![CDATA[browser closed successful]]>
    </line>
    <line>
      <![CDATA[database disconnected]]>
    </line>
  </reporter-output>
  <suite started-at="2023-02-22T09:09:50 IST" name="Default suite" finished-at="2023-02-22T09:11:19 IST" duration-ms="88359">
    <groups>
    </groups>
    <test started-at="2023-02-22T09:09:50 IST" name="Default test" finished-at="2023-02-22T09:11:19 IST" duration-ms="88359">
      <class name="com.Actitime.Testscript.CreateCustomer">
        <test-method is-config="true" signature="databaseconnection()[pri:0, instance:com.Actitime.Testscript.CreateCustomer@73e22a3d]" started-at="2023-02-22T09:09:50 IST" name="databaseconnection" finished-at="2023-02-22T09:09:50 IST" duration-ms="57" status="PASS">
          <reporter-output>
            <line>
              <![CDATA[database connected]]>
            </line>
          </reporter-output>
        </test-method> <!-- databaseconnection -->
        <test-method is-config="true" signature="launchbrowser()[pri:0, instance:com.Actitime.Testscript.CreateCustomer@73e22a3d]" started-at="2023-02-22T09:09:50 IST" name="launchbrowser" finished-at="2023-02-22T09:10:33 IST" duration-ms="42690" status="PASS">
          <reporter-output>
            <line>
              <![CDATA[Browser launched succesfully]]>
            </line>
          </reporter-output>
        </test-method> <!-- launchbrowser -->
        <test-method is-config="true" signature="loginToActitime()[pri:0, instance:com.Actitime.Testscript.CreateCustomer@73e22a3d]" started-at="2023-02-22T09:10:33 IST" name="loginToActitime" finished-at="2023-02-22T09:10:34 IST" duration-ms="776" status="PASS">
          <reporter-output>
            <line>
              <![CDATA[logged  successfully]]>
            </line>
          </reporter-output>
        </test-method> <!-- loginToActitime -->
        <test-method signature="createcustomer()[pri:0, instance:com.Actitime.Testscript.CreateCustomer@73e22a3d]" started-at="2023-02-22T09:10:34 IST" name="createcustomer" finished-at="2023-02-22T09:11:05 IST" duration-ms="30735" status="FAIL">
          <exception class="java.io.FileNotFoundException">
            <message>
              <![CDATA[.\TestData\TestData.xlxs (The system cannot find the file specified)]]>
            </message>
            <full-stacktrace>
              <![CDATA[java.io.FileNotFoundException: .\TestData\TestData.xlxs (The system cannot find the file specified)
at java.base/java.io.FileInputStream.open0(Native Method)
at java.base/java.io.FileInputStream.open(FileInputStream.java:216)
at java.base/java.io.FileInputStream.<init>(FileInputStream.java:157)
at java.base/java.io.FileInputStream.<init>(FileInputStream.java:111)
at com.Actitime.GenericLibrary.FileLibrary.readDataFromExcelFile(FileLibrary.java:27)
at com.Actitime.Testscript.CreateCustomer.createcustomer(CreateCustomer.java:24)
at java.base/jdk.internal.reflect.DirectMethodHandleAccessor.invoke(DirectMethodHandleAccessor.java:104)
at java.base/java.lang.reflect.Method.invoke(Method.java:577)
at org.testng.internal.MethodInvocationHelper.invokeMethod(MethodInvocationHelper.java:133)
at org.testng.internal.TestInvoker.invokeMethod(TestInvoker.java:598)
at org.testng.internal.TestInvoker.invokeTestMethod(TestInvoker.java:173)
at org.testng.internal.MethodRunner.runInSequence(MethodRunner.java:46)
at org.testng.internal.TestInvoker$MethodInvocationAgent.invoke(TestInvoker.java:824)
at org.testng.internal.TestInvoker.invokeTestMethods(TestInvoker.java:146)
at org.testng.internal.TestMethodWorker.invokeTestMethods(TestMethodWorker.java:146)
at org.testng.internal.TestMethodWorker.run(TestMethodWorker.java:128)
at java.base/java.util.ArrayList.forEach(ArrayList.java:1511)
at org.testng.TestRunner.privateRun(TestRunner.java:794)
at org.testng.TestRunner.run(TestRunner.java:596)
at org.testng.SuiteRunner.runTest(SuiteRunner.java:377)
at org.testng.SuiteRunner.runSequentially(SuiteRunner.java:371)
at org.testng.SuiteRunner.privateRun(SuiteRunner.java:332)
at org.testng.SuiteRunner.run(SuiteRunner.java:276)
at org.testng.SuiteRunnerWorker.runSuite(SuiteRunnerWorker.java:53)
at org.testng.SuiteRunnerWorker.run(SuiteRunnerWorker.java:96)
at org.testng.TestNG.runSuitesSequentially(TestNG.java:1212)
at org.testng.TestNG.runSuitesLocally(TestNG.java:1134)
at org.testng.TestNG.runSuites(TestNG.java:1063)
at org.testng.TestNG.run(TestNG.java:1031)
at org.testng.remote.AbstractRemoteTestNG.run(AbstractRemoteTestNG.java:115)
at org.testng.remote.RemoteTestNG.initAndRun(RemoteTestNG.java:251)
at org.testng.remote.RemoteTestNG.main(RemoteTestNG.java:77)
]]>
            </full-stacktrace>
          </exception> <!-- java.io.FileNotFoundException -->
          <reporter-output>
          </reporter-output>
        </test-method> <!-- createcustomer -->
        <test-method is-config="true" signature="logoutFromActitime()[pri:0, instance:com.Actitime.Testscript.CreateCustomer@73e22a3d]" started-at="2023-02-22T09:11:05 IST" name="logoutFromActitime" finished-at="2023-02-22T09:11:19 IST" duration-ms="13961" status="PASS">
          <reporter-output>
            <line>
              <![CDATA[Loggout successfully]]>
            </line>
          </reporter-output>
        </test-method> <!-- logoutFromActitime -->
        <test-method is-config="true" signature="closeBrowser()[pri:0, instance:com.Actitime.Testscript.CreateCustomer@73e22a3d]" started-at="2023-02-22T09:11:19 IST" name="closeBrowser" finished-at="2023-02-22T09:11:19 IST" duration-ms="1" status="PASS">
          <reporter-output>
            <line>
              <![CDATA[browser closed successful]]>
            </line>
          </reporter-output>
        </test-method> <!-- closeBrowser -->
        <test-method is-config="true" signature="databasedisconnection()[pri:0, instance:com.Actitime.Testscript.CreateCustomer@73e22a3d]" started-at="2023-02-22T09:11:19 IST" name="databasedisconnection" finished-at="2023-02-22T09:11:19 IST" duration-ms="7" status="PASS">
          <reporter-output>
            <line>
              <![CDATA[database disconnected]]>
            </line>
          </reporter-output>
        </test-method> <!-- databasedisconnection -->
      </class> <!-- com.Actitime.Testscript.CreateCustomer -->
    </test> <!-- Default test -->
  </suite> <!-- Default suite -->
</testng-results>
